cl : Command line warning D9030: '/Gm' is incompatible with multiprocessing; ignoring /MP switch
  Wall.cpp
  Sword.cpp
Sword.cpp(12): warning C4244: 'initializing': conversion from 'std::chrono::system_clock::rep' to 'long', possible loss of data
  Room.cpp
Room.cpp(14): warning C4244: '=': conversion from 'int' to 'GLfloat', possible loss of data
Room.cpp(15): warning C4244: '=': conversion from 'int' to 'GLfloat', possible loss of data
Room.cpp(16): warning C4244: '=': conversion from 'int' to 'GLfloat', possible loss of data
Room.cpp(17): warning C4244: '=': conversion from 'int' to 'GLfloat', possible loss of data
Room.cpp(38): warning C4244: 'initializing': conversion from 'double' to 'GLfloat', possible loss of data
Room.cpp(39): warning C4244: 'initializing': conversion from 'double' to 'GLfloat', possible loss of data
Room.cpp(43): warning C4244: 'initializing': conversion from 'double' to 'GLfloat', possible loss of data
Room.cpp(44): warning C4244: 'initializing': conversion from 'double' to 'GLfloat', possible loss of data
  Player.cpp
Player.cpp(71): warning C4101: 'i': unreferenced local variable
Player.cpp(79): warning C4101: 'i': unreferenced local variable
Player.cpp(99): warning C4101: 'i': unreferenced local variable
Player.cpp(107): warning C4101: 'i': unreferenced local variable
Player.cpp(148): warning C4244: '=': conversion from 'std::chrono::system_clock::rep' to 'long', possible loss of data
  Object.cpp
  main.cpp
main.cpp(56): warning C4305: 'argument': truncation from 'double' to 'GLclampf'
main.cpp(301): warning C4244: 'argument': conversion from 'time_t' to 'unsigned int', possible loss of data
  Item.cpp
  DungeonBuilder.cpp
DungeonBuilder.cpp(42): warning C4244: '=': conversion from 'GLfloat' to 'int', possible loss of data
DungeonBuilder.cpp(43): warning C4244: '=': conversion from 'GLfloat' to 'int', possible loss of data
DungeonBuilder.cpp(44): warning C4244: '=': conversion from 'GLfloat' to 'int', possible loss of data
DungeonBuilder.cpp(45): warning C4244: '=': conversion from 'GLfloat' to 'int', possible loss of data
DungeonBuilder.cpp(50): warning C4244: '=': conversion from 'GLfloat' to 'int', possible loss of data
DungeonBuilder.cpp(51): warning C4244: '=': conversion from 'GLfloat' to 'int', possible loss of data
DungeonBuilder.cpp(52): warning C4244: '=': conversion from 'GLfloat' to 'int', possible loss of data
DungeonBuilder.cpp(53): warning C4244: '=': conversion from 'GLfloat' to 'int', possible loss of data
DungeonBuilder.cpp(58): warning C4244: '=': conversion from 'GLfloat' to 'int', possible loss of data
DungeonBuilder.cpp(59): warning C4244: '=': conversion from 'GLfloat' to 'int', possible loss of data
DungeonBuilder.cpp(60): warning C4244: '=': conversion from 'GLfloat' to 'int', possible loss of data
DungeonBuilder.cpp(61): warning C4244: '=': conversion from 'GLfloat' to 'int', possible loss of data
DungeonBuilder.cpp(66): warning C4244: '=': conversion from 'GLfloat' to 'int', possible loss of data
DungeonBuilder.cpp(67): warning C4244: '=': conversion from 'GLfloat' to 'int', possible loss of data
DungeonBuilder.cpp(68): warning C4244: '=': conversion from 'GLfloat' to 'int', possible loss of data
DungeonBuilder.cpp(69): warning C4244: '=': conversion from 'GLfloat' to 'int', possible loss of data
  CyanPotion.cpp
  Collision.cpp
  Generating Code...
cl : Command line warning D9030: '/Gm' is incompatible with multiprocessing; ignoring /MP switch
  image_helper.c
include\simple opengl image library\src\image_helper.c(325): warning C4244: 'initializing': conversion from 'double' to 'float', possible loss of data
include\simple opengl image library\src\image_helper.c(366): warning C4244: '=': conversion from 'double' to 'float', possible loss of data
include\simple opengl image library\src\image_helper.c(373): warning C4244: '=': conversion from 'float' to 'int', possible loss of data
include\simple opengl image library\src\image_helper.c(415): warning C4244: '=': conversion from 'double' to 'float', possible loss of data
include\simple opengl image library\src\image_helper.c(422): warning C4244: '=': conversion from 'float' to 'int', possible loss of data
  image_DXT.c
include\simple opengl image library\src\image_DXT.c(92): warning C4996: 'fopen': This function or variable may be unsafe. Consider using fopen_s instead. To disable deprecation, use _CRT_SECURE_NO_WARNINGS. See online help for details.
  C:\Program Files (x86)\Windows Kits\10\Include\10.0.15063.0\ucrt\stdio.h(207): note: see declaration of 'fopen'
  Generating Code...
  CyanEngine.vcxproj -> C:\Users\Andre\Development\CyanEngine\Debug\CyanEngine.exe
  CyanEngine.vcxproj -> C:\Users\Andre\Development\CyanEngine\Debug\CyanEngine.pdb (Partial PDB)
