c:\users\andre\development\cyanengine\debug\vc141.pdb
c:\users\andre\development\cyanengine\debug\vc141.idb
c:\users\andre\development\cyanengine\debug\collision.obj
c:\users\andre\development\cyanengine\debug\cyanpotion.obj
c:\users\andre\development\cyanengine\debug\dungeonbuilder.obj
c:\users\andre\development\cyanengine\debug\item.obj
c:\users\andre\development\cyanengine\debug\main.obj
c:\users\andre\development\cyanengine\debug\object.obj
c:\users\andre\development\cyanengine\debug\player.obj
c:\users\andre\development\cyanengine\debug\room.obj
c:\users\andre\development\cyanengine\debug\sword.obj
c:\users\andre\development\cyanengine\debug\wall.obj
c:\users\andre\development\cyanengine\debug\image_dxt.obj
c:\users\andre\development\cyanengine\debug\image_helper.obj
c:\users\andre\development\cyanengine\debug\cyanengine.ilk
c:\users\andre\development\cyanengine\debug\cyanengine.exe
c:\users\andre\development\cyanengine\debug\cyanengine.pdb
c:\users\andre\development\cyanengine\debug\cyanengine.tlog\cl.command.1.tlog
c:\users\andre\development\cyanengine\debug\cyanengine.tlog\cl.read.1.tlog
c:\users\andre\development\cyanengine\debug\cyanengine.tlog\cl.write.1.tlog
c:\users\andre\development\cyanengine\debug\cyanengine.tlog\link.command.1.tlog
c:\users\andre\development\cyanengine\debug\cyanengine.tlog\link.read.1.tlog
c:\users\andre\development\cyanengine\debug\cyanengine.tlog\link.write.1.tlog
