  Collision.cpp
  CyanPotion.cpp
  DungeonBuilder.cpp
  Item.cpp
  MagentaPotion.cpp
  main.cpp
  Object.cpp
  Player.cpp
main.cpp(53): warning C4305: 'argument': truncation from 'double' to 'GLclampf'
main.cpp(104): error C2065: 'GL_GENERATE_MIPMAP': undeclared identifier
main.cpp(111): error C2065: 'GL_MAX_TEXTURE_MAX_ANISOTROPY_EXT': undeclared identifier
main.cpp(112): error C2065: 'GL_TEXTURE_MAX_ANISOTROPY_EXT': undeclared identifier
DungeonBuilder.cpp(27): warning C4244: 'initializing': conversion from 'int' to 'GLfloat', possible loss of data
Player.cpp(143): warning C4244: '=': conversion from 'std::chrono::system_clock::rep' to 'long', possible loss of data
Object.cpp(36): error C2065: 'GL_GENERATE_MIPMAP': undeclared identifier
Object.cpp(43): error C2065: 'GL_MAX_TEXTURE_MAX_ANISOTROPY_EXT': undeclared identifier
Object.cpp(44): error C2065: 'GL_TEXTURE_MAX_ANISOTROPY_EXT': undeclared identifier
main.cpp(329): warning C4244: 'argument': conversion from 'time_t' to 'unsigned int', possible loss of data
  Room.cpp
  Sword.cpp
  Wall.cpp
c:\users\andre\development\cyanengine\item.cpp(14): error C4716: 'Item::randomPotion': must return a value
Sword.cpp(5): fatal error C1083: Cannot open include file: 'boost/thread.hpp': No such file or directory
Room.cpp(30): warning C4244: '=': conversion from 'int' to 'GLfloat', possible loss of data
Room.cpp(33): warning C4244: '=': conversion from 'int' to 'GLfloat', possible loss of data
Room.cpp(34): warning C4244: '+=': conversion from 'double' to 'GLfloat', possible loss of data
Room.cpp(35): warning C4244: '+=': conversion from 'double' to 'GLfloat', possible loss of data
Room.cpp(36): warning C4244: '=': conversion from 'double' to 'GLfloat', possible loss of data
Room.cpp(37): warning C4244: '=': conversion from 'double' to 'GLfloat', possible loss of data
